<?xml version="1.0" encoding="UTF-8"?>
<!-- Generated by org.testng.reporters.JUnitXMLReporter -->
<testsuite ignored="0" hostname="DESKTOP-GFGE941" failures="0" tests="9" name="Default test" time="103.619" errors="0" timestamp="2024-03-20T16:06:36 JST">
  <testcase classname="testsuite.Events" name="AddEventSuccessfully" time="3.922"/>
  <testcase classname="testsuite.Events" name="deleteEventSuccessfully" time="34.078"/>
  <testcase classname="testsuite.Events" name="displayByCurrentDay" time="1.928"/>
  <testcase classname="testsuite.Events" name="displayByCurrentMonth" time="2.285"/>
  <testcase classname="testsuite.Events" name="displayByCurrentWeek" time="2.004"/>
  <testcase classname="testsuite.Events" name="displayByNextMonth" time="2.114"/>
  <testcase classname="testsuite.Events" name="displayByNextWeek" time="2.155"/>
  <testcase classname="testsuite.Events" name="displayByPreviousMonth" time="2.049"/>
  <testcase classname="testsuite.Events" name="displayByPreviousWeek" time="2.025"/>
</testsuite> <!-- Default test -->
